[ 2017-11-06T08:11:32+08:00 ] ::1 /admin.php
INFO: [ app_init ] --START--
INFO: Run Behavior\BuildLiteBehavior [ RunTime:0.000000s ]
INFO: [ app_init ] --END-- [ RunTime:0.000976s ]
INFO: [ app_begin ] --START--
INFO: Run Behavior\ReadHtmlCacheBehavior [ RunTime:0.000977s ]
INFO: [ app_begin ] --END-- [ RunTime:0.000977s ]
INFO: [ view_parse ] --START--
INFO: [ template_filter ] --START--
INFO: Run Behavior\ContentReplaceBehavior [ RunTime:0.000000s ]
INFO: [ template_filter ] --END-- [ RunTime:0.000000s ]
INFO: Run Behavior\ParseTemplateBehavior [ RunTime:0.004883s ]
INFO: [ view_parse ] --END-- [ RunTime:0.004883s ]
INFO: [ view_filter ] --START--
INFO: Run Behavior\WriteHtmlCacheBehavior [ RunTime:0.000976s ]
INFO: [ view_filter ] --END-- [ RunTime:0.000976s ]

[ 2017-11-06T08:11:37+08:00 ] ::1 /admin.php/home/index/login
INFO: [ app_init ] --START--
INFO: Run Behavior\BuildLiteBehavior [ RunTime:0.000000s ]
INFO: [ app_init ] --END-- [ RunTime:0.000977s ]
INFO: [ app_begin ] --START--
INFO: Run Behavior\ReadHtmlCacheBehavior [ RunTime:0.000976s ]
INFO: [ app_begin ] --END-- [ RunTime:0.000976s ]
SQL: SHOW COLUMNS FROM `config` [ RunTime:0.0283s ]
SQL: SELECT `cvalue` FROM `config` WHERE ( cname='sh1_page_listnum1' ) LIMIT 1   [ RunTime:0.0000s ]
SQL: SHOW COLUMNS FROM `article` [ RunTime:0.0205s ]
SQL: SELECT COUNT(*) AS tp_count FROM `article` LIMIT 1   [ RunTime:0.0000s ]
SQL: SHOW COLUMNS FROM `category` [ RunTime:0.0107s ]
SQL: SELECT COUNT(*) AS tp_count FROM `category` WHERE ( fid=0 ) LIMIT 1   [ RunTime:0.0000s ]
SQL: SHOW COLUMNS FROM `comm` [ RunTime:0.0049s ]
SQL: SELECT COUNT(*) AS tp_count FROM `comm` LIMIT 1   [ RunTime:0.0000s ]
SQL: SELECT COUNT(*) AS tp_count FROM `config` LIMIT 1   [ RunTime:0.0000s ]
SQL: SHOW COLUMNS FROM `dingdan` [ RunTime:0.0049s ]
SQL: SELECT COUNT(*) AS tp_count FROM `dingdan` LIMIT 1   [ RunTime:0.0000s ]
SQL: SHOW COLUMNS FROM `log` [ RunTime:0.0156s ]
SQL: SELECT COUNT(*) AS tp_count FROM `log` LIMIT 1   [ RunTime:0.0000s ]
SQL: SHOW COLUMNS FROM `managers` [ RunTime:0.0049s ]
SQL: SELECT COUNT(*) AS tp_count FROM `managers` LIMIT 1   [ RunTime:0.0010s ]
SQL: SHOW COLUMNS FROM `pic` [ RunTime:0.0117s ]
SQL: SELECT COUNT(*) AS tp_count FROM `pic` LIMIT 1   [ RunTime:0.0000s ]
SQL: SHOW COLUMNS FROM `pinpai` [ RunTime:0.0059s ]
SQL: SELECT COUNT(*) AS tp_count FROM `pinpai` LIMIT 1   [ RunTime:0.0000s ]
SQL: SHOW COLUMNS FROM `users` [ RunTime:0.0049s ]
SQL: SELECT COUNT(*) AS tp_count FROM `users` LIMIT 1   [ RunTime:0.0000s ]
SQL: SHOW COLUMNS FROM `active` [ RunTime:0.0156s ]
SQL: SELECT COUNT(*) AS tp_count FROM `active` LIMIT 1   [ RunTime:0.0000s ]
SQL: SELECT COUNT(*) AS tp_count FROM `article` LIMIT 1   [ RunTime:0.0000s ]
SQL: SELECT COUNT(*) AS tp_count FROM `category` LIMIT 1   [ RunTime:0.0000s ]
SQL: SELECT COUNT(*) AS tp_count FROM `comm` LIMIT 1   [ RunTime:0.0010s ]
SQL: SELECT COUNT(*) AS tp_count FROM `config` LIMIT 1   [ RunTime:0.0000s ]
SQL: SELECT COUNT(*) AS tp_count FROM `dingdan` LIMIT 1   [ RunTime:0.0000s ]
SQL: SELECT COUNT(*) AS tp_count FROM `log` LIMIT 1   [ RunTime:0.0000s ]
SQL: SELECT COUNT(*) AS tp_count FROM `managers` LIMIT 1   [ RunTime:0.0000s ]
SQL: SELECT COUNT(*) AS tp_count FROM `pic` LIMIT 1   [ RunTime:0.0000s ]
SQL: SELECT COUNT(*) AS tp_count FROM `pinpai` LIMIT 1   [ RunTime:0.0000s ]
SQL: SELECT COUNT(*) AS tp_count FROM `users` LIMIT 1   [ RunTime:0.0000s ]
SQL: SELECT COUNT(*) AS tp_count FROM `active` LIMIT 1   [ RunTime:0.0000s ]
INFO: [ view_parse ] --START--
INFO: [ template_filter ] --START--
INFO: Run Behavior\ContentReplaceBehavior [ RunTime:0.000000s ]
INFO: [ template_filter ] --END-- [ RunTime:0.000000s ]
INFO: Run Behavior\ParseTemplateBehavior [ RunTime:0.006836s ]
INFO: [ view_parse ] --END-- [ RunTime:0.006836s ]
INFO: [ view_filter ] --START--
INFO: Run Behavior\WriteHtmlCacheBehavior [ RunTime:0.000976s ]
INFO: [ view_filter ] --END-- [ RunTime:0.000976s ]
INFO: [ app_end ] --START--
INFO: Run Behavior\ShowPageTraceBehavior [ RunTime:0.000000s ]
INFO: [ app_end ] --END-- [ RunTime:0.000000s ]

[ 2017-11-06T08:11:38+08:00 ] ::1 /admin.php/home/index/verify.html
INFO: [ app_init ] --START--
INFO: Run Behavior\BuildLiteBehavior [ RunTime:0.000000s ]
INFO: [ app_init ] --END-- [ RunTime:0.000977s ]
INFO: [ app_begin ] --START--
INFO: Run Behavior\ReadHtmlCacheBehavior [ RunTime:0.000000s ]
INFO: [ app_begin ] --END-- [ RunTime:0.000000s ]
SQL: SHOW COLUMNS FROM `config` [ RunTime:0.0029s ]
SQL: SELECT `cvalue` FROM `config` WHERE ( cname='sh1_page_listnum1' ) LIMIT 1   [ RunTime:0.0000s ]
SQL: SHOW COLUMNS FROM `article` [ RunTime:0.0039s ]
SQL: SELECT COUNT(*) AS tp_count FROM `article` LIMIT 1   [ RunTime:0.0000s ]
SQL: SHOW COLUMNS FROM `category` [ RunTime:0.0039s ]
SQL: SELECT COUNT(*) AS tp_count FROM `category` WHERE ( fid=0 ) LIMIT 1   [ RunTime:0.0000s ]
SQL: SHOW COLUMNS FROM `comm` [ RunTime:0.0039s ]
SQL: SELECT COUNT(*) AS tp_count FROM `comm` LIMIT 1   [ RunTime:0.0010s ]
SQL: SELECT COUNT(*) AS tp_count FROM `config` LIMIT 1   [ RunTime:0.0000s ]
SQL: SHOW COLUMNS FROM `dingdan` [ RunTime:0.0039s ]
SQL: SELECT COUNT(*) AS tp_count FROM `dingdan` LIMIT 1   [ RunTime:0.0000s ]
SQL: SHOW COLUMNS FROM `log` [ RunTime:0.0039s ]
SQL: SELECT COUNT(*) AS tp_count FROM `log` LIMIT 1   [ RunTime:0.0000s ]
SQL: SHOW COLUMNS FROM `managers` [ RunTime:0.0039s ]
SQL: SELECT COUNT(*) AS tp_count FROM `managers` LIMIT 1   [ RunTime:0.0000s ]
SQL: SHOW COLUMNS FROM `pic` [ RunTime:0.0039s ]
SQL: SELECT COUNT(*) AS tp_count FROM `pic` LIMIT 1   [ RunTime:0.0000s ]
SQL: SHOW COLUMNS FROM `pinpai` [ RunTime:0.0039s ]
SQL: SELECT COUNT(*) AS tp_count FROM `pinpai` LIMIT 1   [ RunTime:0.0000s ]
SQL: SHOW COLUMNS FROM `users` [ RunTime:0.0039s ]
SQL: SELECT COUNT(*) AS tp_count FROM `users` LIMIT 1   [ RunTime:0.0010s ]
SQL: SHOW COLUMNS FROM `active` [ RunTime:0.0029s ]
SQL: SELECT COUNT(*) AS tp_count FROM `active` LIMIT 1   [ RunTime:0.0000s ]
SQL: SELECT COUNT(*) AS tp_count FROM `article` LIMIT 1   [ RunTime:0.0000s ]
SQL: SELECT COUNT(*) AS tp_count FROM `category` LIMIT 1   [ RunTime:0.0000s ]
SQL: SELECT COUNT(*) AS tp_count FROM `comm` LIMIT 1   [ RunTime:0.0010s ]
SQL: SELECT COUNT(*) AS tp_count FROM `config` LIMIT 1   [ RunTime:0.0000s ]
SQL: SELECT COUNT(*) AS tp_count FROM `dingdan` LIMIT 1   [ RunTime:0.0000s ]
SQL: SELECT COUNT(*) AS tp_count FROM `log` LIMIT 1   [ RunTime:0.0000s ]
SQL: SELECT COUNT(*) AS tp_count FROM `managers` LIMIT 1   [ RunTime:0.0000s ]
SQL: SELECT COUNT(*) AS tp_count FROM `pic` LIMIT 1   [ RunTime:0.0000s ]
SQL: SELECT COUNT(*) AS tp_count FROM `pinpai` LIMIT 1   [ RunTime:0.0000s ]
SQL: SELECT COUNT(*) AS tp_count FROM `users` LIMIT 1   [ RunTime:0.0000s ]
SQL: SELECT COUNT(*) AS tp_count FROM `active` LIMIT 1   [ RunTime:0.0000s ]
INFO: [ app_end ] --START--
INFO: Run Behavior\ShowPageTraceBehavior [ RunTime:0.000976s ]
INFO: [ app_end ] --END-- [ RunTime:0.000976s ]

[ 2017-11-06T08:11:43+08:00 ] ::1 /admin.php/Home/Index/check_verify?code=18
INFO: [ app_init ] --START--
INFO: Run Behavior\BuildLiteBehavior [ RunTime:0.000000s ]
INFO: [ app_init ] --END-- [ RunTime:0.000000s ]
INFO: [ app_begin ] --START--
INFO: Run Behavior\ReadHtmlCacheBehavior [ RunTime:0.000000s ]
INFO: [ app_begin ] --END-- [ RunTime:0.000000s ]
SQL: SHOW COLUMNS FROM `config` [ RunTime:0.0029s ]
SQL: SELECT `cvalue` FROM `config` WHERE ( cname='sh1_page_listnum1' ) LIMIT 1   [ RunTime:0.0000s ]
SQL: SHOW COLUMNS FROM `article` [ RunTime:0.0039s ]
SQL: SELECT COUNT(*) AS tp_count FROM `article` LIMIT 1   [ RunTime:0.0000s ]
SQL: SHOW COLUMNS FROM `category` [ RunTime:0.0039s ]
SQL: SELECT COUNT(*) AS tp_count FROM `category` WHERE ( fid=0 ) LIMIT 1   [ RunTime:0.0000s ]
SQL: SHOW COLUMNS FROM `comm` [ RunTime:0.0039s ]
SQL: SELECT COUNT(*) AS tp_count FROM `comm` LIMIT 1   [ RunTime:0.0000s ]
SQL: SELECT COUNT(*) AS tp_count FROM `config` LIMIT 1   [ RunTime:0.0000s ]
SQL: SHOW COLUMNS FROM `dingdan` [ RunTime:0.0029s ]
SQL: SELECT COUNT(*) AS tp_count FROM `dingdan` LIMIT 1   [ RunTime:0.0000s ]
SQL: SHOW COLUMNS FROM `log` [ RunTime:0.0029s ]
SQL: SELECT COUNT(*) AS tp_count FROM `log` LIMIT 1   [ RunTime:0.0000s ]
SQL: SHOW COLUMNS FROM `managers` [ RunTime:0.0029s ]
SQL: SELECT COUNT(*) AS tp_count FROM `managers` LIMIT 1   [ RunTime:0.0000s ]
SQL: SHOW COLUMNS FROM `pic` [ RunTime:0.0029s ]
SQL: SELECT COUNT(*) AS tp_count FROM `pic` LIMIT 1   [ RunTime:0.0010s ]
SQL: SHOW COLUMNS FROM `pinpai` [ RunTime:0.0029s ]
SQL: SELECT COUNT(*) AS tp_count FROM `pinpai` LIMIT 1   [ RunTime:0.0010s ]
SQL: SHOW COLUMNS FROM `users` [ RunTime:0.0029s ]
SQL: SELECT COUNT(*) AS tp_count FROM `users` LIMIT 1   [ RunTime:0.0000s ]
SQL: SHOW COLUMNS FROM `active` [ RunTime:0.0029s ]
SQL: SELECT COUNT(*) AS tp_count FROM `active` LIMIT 1   [ RunTime:0.0000s ]
SQL: SELECT COUNT(*) AS tp_count FROM `article` LIMIT 1   [ RunTime:0.0000s ]
SQL: SELECT COUNT(*) AS tp_count FROM `category` LIMIT 1   [ RunTime:0.0000s ]
SQL: SELECT COUNT(*) AS tp_count FROM `comm` LIMIT 1   [ RunTime:0.0000s ]
SQL: SELECT COUNT(*) AS tp_count FROM `config` LIMIT 1   [ RunTime:0.0000s ]
SQL: SELECT COUNT(*) AS tp_count FROM `dingdan` LIMIT 1   [ RunTime:0.0010s ]
SQL: SELECT COUNT(*) AS tp_count FROM `log` LIMIT 1   [ RunTime:0.0000s ]
SQL: SELECT COUNT(*) AS tp_count FROM `managers` LIMIT 1   [ RunTime:0.0000s ]
SQL: SELECT COUNT(*) AS tp_count FROM `pic` LIMIT 1   [ RunTime:0.0000s ]
SQL: SELECT COUNT(*) AS tp_count FROM `pinpai` LIMIT 1   [ RunTime:0.0000s ]
SQL: SELECT COUNT(*) AS tp_count FROM `users` LIMIT 1   [ RunTime:0.0000s ]
SQL: SELECT COUNT(*) AS tp_count FROM `active` LIMIT 1   [ RunTime:0.0000s ]
INFO: [ app_end ] --START--
INFO: Run Behavior\ShowPageTraceBehavior [ RunTime:0.000977s ]
INFO: [ app_end ] --END-- [ RunTime:0.000977s ]

[ 2017-11-06T08:11:45+08:00 ] ::1 /admin.php/Home/Index/chk_login
INFO: [ app_init ] --START--
INFO: Run Behavior\BuildLiteBehavior [ RunTime:0.000000s ]
INFO: [ app_init ] --END-- [ RunTime:0.000000s ]
INFO: [ app_begin ] --START--
INFO: Run Behavior\ReadHtmlCacheBehavior [ RunTime:0.000000s ]
INFO: [ app_begin ] --END-- [ RunTime:0.000000s ]
SQL: SHOW COLUMNS FROM `config` [ RunTime:0.0029s ]
SQL: SELECT `cvalue` FROM `config` WHERE ( cname='sh1_page_listnum1' ) LIMIT 1   [ RunTime:0.0000s ]
SQL: SHOW COLUMNS FROM `article` [ RunTime:0.0039s ]
SQL: SELECT COUNT(*) AS tp_count FROM `article` LIMIT 1   [ RunTime:0.0000s ]
SQL: SHOW COLUMNS FROM `category` [ RunTime:0.0039s ]
SQL: SELECT COUNT(*) AS tp_count FROM `category` WHERE ( fid=0 ) LIMIT 1   [ RunTime:0.0000s ]
SQL: SHOW COLUMNS FROM `comm` [ RunTime:0.0039s ]
SQL: SELECT COUNT(*) AS tp_count FROM `comm` LIMIT 1   [ RunTime:0.0010s ]
SQL: SELECT COUNT(*) AS tp_count FROM `config` LIMIT 1   [ RunTime:0.0000s ]
SQL: SHOW COLUMNS FROM `dingdan` [ RunTime:0.0039s ]
SQL: SELECT COUNT(*) AS tp_count FROM `dingdan` LIMIT 1   [ RunTime:0.0000s ]
SQL: SHOW COLUMNS FROM `log` [ RunTime:0.0039s ]
SQL: SELECT COUNT(*) AS tp_count FROM `log` LIMIT 1   [ RunTime:0.0000s ]
SQL: SHOW COLUMNS FROM `managers` [ RunTime:0.0039s ]
SQL: SELECT COUNT(*) AS tp_count FROM `managers` LIMIT 1   [ RunTime:0.0000s ]
SQL: SHOW COLUMNS FROM `pic` [ RunTime:0.0039s ]
SQL: SELECT COUNT(*) AS tp_count FROM `pic` LIMIT 1   [ RunTime:0.0000s ]
SQL: SHOW COLUMNS FROM `pinpai` [ RunTime:0.0039s ]
SQL: SELECT COUNT(*) AS tp_count FROM `pinpai` LIMIT 1   [ RunTime:0.0000s ]
SQL: SHOW COLUMNS FROM `users` [ RunTime:0.0039s ]
SQL: SELECT COUNT(*) AS tp_count FROM `users` LIMIT 1   [ RunTime:0.0000s ]
SQL: SHOW COLUMNS FROM `active` [ RunTime:0.0029s ]
SQL: SELECT COUNT(*) AS tp_count FROM `active` LIMIT 1   [ RunTime:0.0010s ]
SQL: SELECT COUNT(*) AS tp_count FROM `article` LIMIT 1   [ RunTime:0.0000s ]
SQL: SELECT COUNT(*) AS tp_count FROM `category` LIMIT 1   [ RunTime:0.0000s ]
SQL: SELECT COUNT(*) AS tp_count FROM `comm` LIMIT 1   [ RunTime:0.0000s ]
SQL: SELECT COUNT(*) AS tp_count FROM `config` LIMIT 1   [ RunTime:0.0000s ]
SQL: SELECT COUNT(*) AS tp_count FROM `dingdan` LIMIT 1   [ RunTime:0.0010s ]
SQL: SELECT COUNT(*) AS tp_count FROM `log` LIMIT 1   [ RunTime:0.0000s ]
SQL: SELECT COUNT(*) AS tp_count FROM `managers` LIMIT 1   [ RunTime:0.0000s ]
SQL: SELECT COUNT(*) AS tp_count FROM `pic` LIMIT 1   [ RunTime:0.0010s ]
SQL: SELECT COUNT(*) AS tp_count FROM `pinpai` LIMIT 1   [ RunTime:0.0000s ]
SQL: SELECT COUNT(*) AS tp_count FROM `users` LIMIT 1   [ RunTime:0.0000s ]
SQL: SELECT COUNT(*) AS tp_count FROM `active` LIMIT 1   [ RunTime:0.0010s ]
SQL: SHOW COLUMNS FROM `managers` [ RunTime:0.0039s ]
SQL: SELECT * FROM `managers` WHERE ( uname='admin1' and upswd='21232f297a57a5a743894a0e4a801fc3' ) LIMIT 1   [ RunTime:0.0000s ]
NOTIC: [8] Array to string conversion D:\phpStudy\PHPTutorial\WWWPHP\admin\Common\Controller\PpublicController.class.php 第 138 行.
INFO: [ app_end ] --START--
INFO: Run Behavior\ShowPageTraceBehavior [ RunTime:0.000977s ]
INFO: [ app_end ] --END-- [ RunTime:0.000977s ]

[ 2017-11-06T08:11:46+08:00 ] ::1 /admin.php
INFO: [ app_init ] --START--
INFO: Run Behavior\BuildLiteBehavior [ RunTime:0.000000s ]
INFO: [ app_init ] --END-- [ RunTime:0.000000s ]
INFO: [ app_begin ] --START--
INFO: Run Behavior\ReadHtmlCacheBehavior [ RunTime:0.000977s ]
INFO: [ app_begin ] --END-- [ RunTime:0.000977s ]
SQL: SHOW COLUMNS FROM `config` [ RunTime:0.0029s ]
SQL: SELECT `cvalue` FROM `config` WHERE ( cname='sh1_page_listnum1' ) LIMIT 1   [ RunTime:0.0000s ]
SQL: SHOW COLUMNS FROM `article` [ RunTime:0.0039s ]
SQL: SELECT COUNT(*) AS tp_count FROM `article` LIMIT 1   [ RunTime:0.0000s ]
SQL: SHOW COLUMNS FROM `category` [ RunTime:0.0039s ]
SQL: SELECT COUNT(*) AS tp_count FROM `category` WHERE ( fid=0 ) LIMIT 1   [ RunTime:0.0010s ]
SQL: SHOW COLUMNS FROM `comm` [ RunTime:0.0029s ]
SQL: SELECT COUNT(*) AS tp_count FROM `comm` LIMIT 1   [ RunTime:0.0000s ]
SQL: SELECT COUNT(*) AS tp_count FROM `config` LIMIT 1   [ RunTime:0.0000s ]
SQL: SHOW COLUMNS FROM `dingdan` [ RunTime:0.0039s ]
SQL: SELECT COUNT(*) AS tp_count FROM `dingdan` LIMIT 1   [ RunTime:0.0000s ]
SQL: SHOW COLUMNS FROM `log` [ RunTime:0.0029s ]
SQL: SELECT COUNT(*) AS tp_count FROM `log` LIMIT 1   [ RunTime:0.0010s ]
SQL: SHOW COLUMNS FROM `managers` [ RunTime:0.0029s ]
SQL: SELECT COUNT(*) AS tp_count FROM `managers` LIMIT 1   [ RunTime:0.0010s ]
SQL: SHOW COLUMNS FROM `pic` [ RunTime:0.0029s ]
SQL: SELECT COUNT(*) AS tp_count FROM `pic` LIMIT 1   [ RunTime:0.0010s ]
SQL: SHOW COLUMNS FROM `pinpai` [ RunTime:0.0029s ]
SQL: SELECT COUNT(*) AS tp_count FROM `pinpai` LIMIT 1   [ RunTime:0.0010s ]
SQL: SHOW COLUMNS FROM `users` [ RunTime:0.0029s ]
SQL: SELECT COUNT(*) AS tp_count FROM `users` LIMIT 1   [ RunTime:0.0000s ]
SQL: SHOW COLUMNS FROM `active` [ RunTime:0.0039s ]
SQL: SELECT COUNT(*) AS tp_count FROM `active` LIMIT 1   [ RunTime:0.0000s ]
SQL: SELECT COUNT(*) AS tp_count FROM `article` LIMIT 1   [ RunTime:0.0000s ]
SQL: SELECT COUNT(*) AS tp_count FROM `category` LIMIT 1   [ RunTime:0.0000s ]
SQL: SELECT COUNT(*) AS tp_count FROM `comm` LIMIT 1   [ RunTime:0.0000s ]
SQL: SELECT COUNT(*) AS tp_count FROM `config` LIMIT 1   [ RunTime:0.0010s ]
SQL: SELECT COUNT(*) AS tp_count FROM `dingdan` LIMIT 1   [ RunTime:0.0000s ]
SQL: SELECT COUNT(*) AS tp_count FROM `log` LIMIT 1   [ RunTime:0.0000s ]
SQL: SELECT COUNT(*) AS tp_count FROM `managers` LIMIT 1   [ RunTime:0.0000s ]
SQL: SELECT COUNT(*) AS tp_count FROM `pic` LIMIT 1   [ RunTime:0.0000s ]
SQL: SELECT COUNT(*) AS tp_count FROM `pinpai` LIMIT 1   [ RunTime:0.0010s ]
SQL: SELECT COUNT(*) AS tp_count FROM `users` LIMIT 1   [ RunTime:0.0000s ]
SQL: SELECT COUNT(*) AS tp_count FROM `active` LIMIT 1   [ RunTime:0.0000s ]
INFO: [ view_parse ] --START--
INFO: [ template_filter ] --START--
INFO: Run Behavior\ContentReplaceBehavior [ RunTime:0.000000s ]
INFO: [ template_filter ] --END-- [ RunTime:0.000000s ]
INFO: Run Behavior\ParseTemplateBehavior [ RunTime:0.012695s ]
INFO: [ view_parse ] --END-- [ RunTime:0.012695s ]
INFO: [ view_filter ] --START--
INFO: Run Behavior\WriteHtmlCacheBehavior [ RunTime:0.000000s ]
INFO: [ view_filter ] --END-- [ RunTime:0.000000s ]
INFO: [ app_end ] --START--
INFO: Run Behavior\ShowPageTraceBehavior [ RunTime:0.000000s ]
INFO: [ app_end ] --END-- [ RunTime:0.000977s ]

[ 2017-11-06T08:52:33+08:00 ] ::1 /admin.php
INFO: [ app_init ] --START--
INFO: Run Behavior\BuildLiteBehavior [ RunTime:0.000000s ]
INFO: [ app_init ] --END-- [ RunTime:0.000000s ]
INFO: [ app_begin ] --START--
INFO: Run Behavior\ReadHtmlCacheBehavior [ RunTime:0.000000s ]
INFO: [ app_begin ] --END-- [ RunTime:0.000000s ]
INFO: [ view_parse ] --START--
INFO: [ template_filter ] --START--
INFO: Run Behavior\ContentReplaceBehavior [ RunTime:0.000000s ]
INFO: [ template_filter ] --END-- [ RunTime:0.000976s ]
INFO: Run Behavior\ParseTemplateBehavior [ RunTime:0.003906s ]
INFO: [ view_parse ] --END-- [ RunTime:0.003906s ]
INFO: [ view_filter ] --START--
INFO: Run Behavior\WriteHtmlCacheBehavior [ RunTime:0.000977s ]
INFO: [ view_filter ] --END-- [ RunTime:0.000977s ]

[ 2017-11-06T08:52:37+08:00 ] ::1 /admin.php/home/index/login
INFO: [ app_init ] --START--
INFO: Run Behavior\BuildLiteBehavior [ RunTime:0.000000s ]
INFO: [ app_init ] --END-- [ RunTime:0.000000s ]
INFO: [ app_begin ] --START--
INFO: Run Behavior\ReadHtmlCacheBehavior [ RunTime:0.000976s ]
INFO: [ app_begin ] --END-- [ RunTime:0.000976s ]
SQL: SHOW COLUMNS FROM `config` [ RunTime:0.0039s ]
SQL: SELECT `cvalue` FROM `config` WHERE ( cname='sh1_page_listnum1' ) LIMIT 1   [ RunTime:0.0010s ]
SQL: SHOW COLUMNS FROM `article` [ RunTime:0.0039s ]
SQL: SELECT COUNT(*) AS tp_count FROM `article` LIMIT 1   [ RunTime:0.0010s ]
SQL: SHOW COLUMNS FROM `category` [ RunTime:0.0039s ]
SQL: SELECT COUNT(*) AS tp_count FROM `category` WHERE ( fid=0 ) LIMIT 1   [ RunTime:0.0010s ]
SQL: SHOW COLUMNS FROM `comm` [ RunTime:0.0039s ]
SQL: SELECT COUNT(*) AS tp_count FROM `comm` LIMIT 1   [ RunTime:0.0000s ]
SQL: SELECT COUNT(*) AS tp_count FROM `config` LIMIT 1   [ RunTime:0.0000s ]
SQL: SHOW COLUMNS FROM `dingdan` [ RunTime:0.0029s ]
SQL: SELECT COUNT(*) AS tp_count FROM `dingdan` LIMIT 1   [ RunTime:0.0000s ]
SQL: SHOW COLUMNS FROM `log` [ RunTime:0.0029s ]
SQL: SELECT COUNT(*) AS tp_count FROM `log` LIMIT 1   [ RunTime:0.0000s ]
SQL: SHOW COLUMNS FROM `managers` [ RunTime:0.0029s ]
SQL: SELECT COUNT(*) AS tp_count FROM `managers` LIMIT 1   [ RunTime:0.0000s ]
SQL: SHOW COLUMNS FROM `pic` [ RunTime:0.0029s ]
SQL: SELECT COUNT(*) AS tp_count FROM `pic` LIMIT 1   [ RunTime:0.0000s ]
SQL: SHOW COLUMNS FROM `pinpai` [ RunTime:0.0029s ]
SQL: SELECT COUNT(*) AS tp_count FROM `pinpai` LIMIT 1   [ RunTime:0.0000s ]
SQL: SHOW COLUMNS FROM `users` [ RunTime:0.0029s ]
SQL: SELECT COUNT(*) AS tp_count FROM `users` LIMIT 1   [ RunTime:0.0000s ]
SQL: SHOW COLUMNS FROM `active` [ RunTime:0.0039s ]
SQL: SELECT COUNT(*) AS tp_count FROM `active` LIMIT 1   [ RunTime:0.0000s ]
SQL: SELECT COUNT(*) AS tp_count FROM `article` LIMIT 1   [ RunTime:0.0000s ]
SQL: SELECT COUNT(*) AS tp_count FROM `category` LIMIT 1   [ RunTime:0.0010s ]
SQL: SELECT COUNT(*) AS tp_count FROM `comm` LIMIT 1   [ RunTime:0.0000s ]
SQL: SELECT COUNT(*) AS tp_count FROM `config` LIMIT 1   [ RunTime:0.0000s ]
SQL: SELECT COUNT(*) AS tp_count FROM `dingdan` LIMIT 1   [ RunTime:0.0000s ]
SQL: SELECT COUNT(*) AS tp_count FROM `log` LIMIT 1   [ RunTime:0.0000s ]
SQL: SELECT COUNT(*) AS tp_count FROM `managers` LIMIT 1   [ RunTime:0.0000s ]
SQL: SELECT COUNT(*) AS tp_count FROM `pic` LIMIT 1   [ RunTime:0.0000s ]
SQL: SELECT COUNT(*) AS tp_count FROM `pinpai` LIMIT 1   [ RunTime:0.0000s ]
SQL: SELECT COUNT(*) AS tp_count FROM `users` LIMIT 1   [ RunTime:0.0000s ]
SQL: SELECT COUNT(*) AS tp_count FROM `active` LIMIT 1   [ RunTime:0.0000s ]
INFO: [ view_parse ] --START--
INFO: [ template_filter ] --START--
INFO: Run Behavior\ContentReplaceBehavior [ RunTime:0.000000s ]
INFO: [ template_filter ] --END-- [ RunTime:0.000000s ]
INFO: Run Behavior\ParseTemplateBehavior [ RunTime:0.006836s ]
INFO: [ view_parse ] --END-- [ RunTime:0.006836s ]
INFO: [ view_filter ] --START--
INFO: Run Behavior\WriteHtmlCacheBehavior [ RunTime:0.000000s ]
INFO: [ view_filter ] --END-- [ RunTime:0.000000s ]
INFO: [ app_end ] --START--
INFO: Run Behavior\ShowPageTraceBehavior [ RunTime:0.000000s ]
INFO: [ app_end ] --END-- [ RunTime:0.000000s ]

[ 2017-11-06T08:52:38+08:00 ] ::1 /admin.php/home/index/verify.html
INFO: [ app_init ] --START--
INFO: Run Behavior\BuildLiteBehavior [ RunTime:0.000000s ]
INFO: [ app_init ] --END-- [ RunTime:0.000000s ]
INFO: [ app_begin ] --START--
INFO: Run Behavior\ReadHtmlCacheBehavior [ RunTime:0.000000s ]
INFO: [ app_begin ] --END-- [ RunTime:0.000000s ]
SQL: SHOW COLUMNS FROM `config` [ RunTime:0.0029s ]
SQL: SELECT `cvalue` FROM `config` WHERE ( cname='sh1_page_listnum1' ) LIMIT 1   [ RunTime:0.0010s ]
SQL: SHOW COLUMNS FROM `article` [ RunTime:0.0029s ]
SQL: SELECT COUNT(*) AS tp_count FROM `article` LIMIT 1   [ RunTime:0.0000s ]
SQL: SHOW COLUMNS FROM `category` [ RunTime:0.0029s ]
SQL: SELECT COUNT(*) AS tp_count FROM `category` WHERE ( fid=0 ) LIMIT 1   [ RunTime:0.0010s ]
SQL: SHOW COLUMNS FROM `comm` [ RunTime:0.0020s ]
SQL: SELECT COUNT(*) AS tp_count FROM `comm` LIMIT 1   [ RunTime:0.0000s ]
SQL: SELECT COUNT(*) AS tp_count FROM `config` LIMIT 1   [ RunTime:0.0000s ]
SQL: SHOW COLUMNS FROM `dingdan` [ RunTime:0.0029s ]
SQL: SELECT COUNT(*) AS tp_count FROM `dingdan` LIMIT 1   [ RunTime:0.0000s ]
SQL: SHOW COLUMNS FROM `log` [ RunTime:0.0029s ]
SQL: SELECT COUNT(*) AS tp_count FROM `log` LIMIT 1   [ RunTime:0.0000s ]
SQL: SHOW COLUMNS FROM `managers` [ RunTime:0.0020s ]
SQL: SELECT COUNT(*) AS tp_count FROM `managers` LIMIT 1   [ RunTime:0.0000s ]
SQL: SHOW COLUMNS FROM `pic` [ RunTime:0.0020s ]
SQL: SELECT COUNT(*) AS tp_count FROM `pic` LIMIT 1   [ RunTime:0.0000s ]
SQL: SHOW COLUMNS FROM `pinpai` [ RunTime:0.0020s ]
SQL: SELECT COUNT(*) AS tp_count FROM `pinpai` LIMIT 1   [ RunTime:0.0000s ]
SQL: SHOW COLUMNS FROM `users` [ RunTime:0.0020s ]
SQL: SELECT COUNT(*) AS tp_count FROM `users` LIMIT 1   [ RunTime:0.0000s ]
SQL: SHOW COLUMNS FROM `active` [ RunTime:0.0020s ]
SQL: SELECT COUNT(*) AS tp_count FROM `active` LIMIT 1   [ RunTime:0.0000s ]
SQL: SELECT COUNT(*) AS tp_count FROM `article` LIMIT 1   [ RunTime:0.0000s ]
SQL: SELECT COUNT(*) AS tp_count FROM `category` LIMIT 1   [ RunTime:0.0000s ]
SQL: SELECT COUNT(*) AS tp_count FROM `comm` LIMIT 1   [ RunTime:0.0000s ]
SQL: SELECT COUNT(*) AS tp_count FROM `config` LIMIT 1   [ RunTime:0.0000s ]
SQL: SELECT COUNT(*) AS tp_count FROM `dingdan` LIMIT 1   [ RunTime:0.0000s ]
SQL: SELECT COUNT(*) AS tp_count FROM `log` LIMIT 1   [ RunTime:0.0000s ]
SQL: SELECT COUNT(*) AS tp_count FROM `managers` LIMIT 1   [ RunTime:0.0000s ]
SQL: SELECT COUNT(*) AS tp_count FROM `pic` LIMIT 1   [ RunTime:0.0000s ]
SQL: SELECT COUNT(*) AS tp_count FROM `pinpai` LIMIT 1   [ RunTime:0.0000s ]
SQL: SELECT COUNT(*) AS tp_count FROM `users` LIMIT 1   [ RunTime:0.0000s ]
SQL: SELECT COUNT(*) AS tp_count FROM `active` LIMIT 1   [ RunTime:0.0000s ]
INFO: [ app_end ] --START--
INFO: Run Behavior\ShowPageTraceBehavior [ RunTime:0.000000s ]
INFO: [ app_end ] --END-- [ RunTime:0.000000s ]

[ 2017-11-06T08:53:07+08:00 ] ::1 /admin.php/Home/Index/check_verify?code=38
INFO: [ app_init ] --START--
INFO: Run Behavior\BuildLiteBehavior [ RunTime:0.000000s ]
INFO: [ app_init ] --END-- [ RunTime:0.000976s ]
INFO: [ app_begin ] --START--
INFO: Run Behavior\ReadHtmlCacheBehavior [ RunTime:0.000000s ]
INFO: [ app_begin ] --END-- [ RunTime:0.000977s ]
SQL: SHOW COLUMNS FROM `config` [ RunTime:0.0039s ]
SQL: SELECT `cvalue` FROM `config` WHERE ( cname='sh1_page_listnum1' ) LIMIT 1   [ RunTime:0.0010s ]
SQL: SHOW COLUMNS FROM `article` [ RunTime:0.0029s ]
SQL: SELECT COUNT(*) AS tp_count FROM `article` LIMIT 1   [ RunTime:0.0010s ]
SQL: SHOW COLUMNS FROM `category` [ RunTime:0.0029s ]
SQL: SELECT COUNT(*) AS tp_count FROM `category` WHERE ( fid=0 ) LIMIT 1   [ RunTime:0.0000s ]
SQL: SHOW COLUMNS FROM `comm` [ RunTime:0.0029s ]
SQL: SELECT COUNT(*) AS tp_count FROM `comm` LIMIT 1   [ RunTime:0.0000s ]
SQL: SELECT COUNT(*) AS tp_count FROM `config` LIMIT 1   [ RunTime:0.0000s ]
SQL: SHOW COLUMNS FROM `dingdan` [ RunTime:0.0039s ]
SQL: SELECT COUNT(*) AS tp_count FROM `dingdan` LIMIT 1   [ RunTime:0.0000s ]
SQL: SHOW COLUMNS FROM `log` [ RunTime:0.0029s ]
SQL: SELECT COUNT(*) AS tp_count FROM `log` LIMIT 1   [ RunTime:0.0000s ]
SQL: SHOW COLUMNS FROM `managers` [ RunTime:0.0029s ]
SQL: SELECT COUNT(*) AS tp_count FROM `managers` LIMIT 1   [ RunTime:0.0000s ]
SQL: SHOW COLUMNS FROM `pic` [ RunTime:0.0029s ]
SQL: SELECT COUNT(*) AS tp_count FROM `pic` LIMIT 1   [ RunTime:0.0000s ]
SQL: SHOW COLUMNS FROM `pinpai` [ RunTime:0.0029s ]
SQL: SELECT COUNT(*) AS tp_count FROM `pinpai` LIMIT 1   [ RunTime:0.0000s ]
SQL: SHOW COLUMNS FROM `users` [ RunTime:0.0029s ]
SQL: SELECT COUNT(*) AS tp_count FROM `users` LIMIT 1   [ RunTime:0.0000s ]
SQL: SHOW COLUMNS FROM `active` [ RunTime:0.0039s ]
SQL: SELECT COUNT(*) AS tp_count FROM `active` LIMIT 1   [ RunTime:0.0000s ]
SQL: SELECT COUNT(*) AS tp_count FROM `article` LIMIT 1   [ RunTime:0.0000s ]
SQL: SELECT COUNT(*) AS tp_count FROM `category` LIMIT 1   [ RunTime:0.0000s ]
SQL: SELECT COUNT(*) AS tp_count FROM `comm` LIMIT 1   [ RunTime:0.0000s ]
SQL: SELECT COUNT(*) AS tp_count FROM `config` LIMIT 1   [ RunTime:0.0000s ]
SQL: SELECT COUNT(*) AS tp_count FROM `dingdan` LIMIT 1   [ RunTime:0.0000s ]
SQL: SELECT COUNT(*) AS tp_count FROM `log` LIMIT 1   [ RunTime:0.0000s ]
SQL: SELECT COUNT(*) AS tp_count FROM `managers` LIMIT 1   [ RunTime:0.0000s ]
SQL: SELECT COUNT(*) AS tp_count FROM `pic` LIMIT 1   [ RunTime:0.0000s ]
SQL: SELECT COUNT(*) AS tp_count FROM `pinpai` LIMIT 1   [ RunTime:0.0000s ]
SQL: SELECT COUNT(*) AS tp_count FROM `users` LIMIT 1   [ RunTime:0.0010s ]
SQL: SELECT COUNT(*) AS tp_count FROM `active` LIMIT 1   [ RunTime:0.0000s ]
INFO: [ app_end ] --START--
INFO: Run Behavior\ShowPageTraceBehavior [ RunTime:0.000977s ]
INFO: [ app_end ] --END-- [ RunTime:0.000977s ]

[ 2017-11-06T08:53:08+08:00 ] ::1 /admin.php/Home/Index/chk_login
INFO: [ app_init ] --START--
INFO: Run Behavior\BuildLiteBehavior [ RunTime:0.000000s ]
INFO: [ app_init ] --END-- [ RunTime:0.000000s ]
INFO: [ app_begin ] --START--
INFO: Run Behavior\ReadHtmlCacheBehavior [ RunTime:0.000000s ]
INFO: [ app_begin ] --END-- [ RunTime:0.000000s ]
SQL: SHOW COLUMNS FROM `config` [ RunTime:0.0029s ]
SQL: SELECT `cvalue` FROM `config` WHERE ( cname='sh1_page_listnum1' ) LIMIT 1   [ RunTime:0.0010s ]
SQL: SHOW COLUMNS FROM `article` [ RunTime:0.0020s ]
SQL: SELECT COUNT(*) AS tp_count FROM `article` LIMIT 1   [ RunTime:0.0000s ]
SQL: SHOW COLUMNS FROM `category` [ RunTime:0.0029s ]
SQL: SELECT COUNT(*) AS tp_count FROM `category` WHERE ( fid=0 ) LIMIT 1   [ RunTime:0.0000s ]
SQL: SHOW COLUMNS FROM `comm` [ RunTime:0.0029s ]
SQL: SELECT COUNT(*) AS tp_count FROM `comm` LIMIT 1   [ RunTime:0.0010s ]
SQL: SELECT COUNT(*) AS tp_count FROM `config` LIMIT 1   [ RunTime:0.0000s ]
SQL: SHOW COLUMNS FROM `dingdan` [ RunTime:0.0029s ]
SQL: SELECT COUNT(*) AS tp_count FROM `dingdan` LIMIT 1   [ RunTime:0.0000s ]
SQL: SHOW COLUMNS FROM `log` [ RunTime:0.0029s ]
SQL: SELECT COUNT(*) AS tp_count FROM `log` LIMIT 1   [ RunTime:0.0000s ]
SQL: SHOW COLUMNS FROM `managers` [ RunTime:0.0029s ]
SQL: SELECT COUNT(*) AS tp_count FROM `managers` LIMIT 1   [ RunTime:0.0000s ]
SQL: SHOW COLUMNS FROM `pic` [ RunTime:0.0020s ]
SQL: SELECT COUNT(*) AS tp_count FROM `pic` LIMIT 1   [ RunTime:0.0010s ]
SQL: SHOW COLUMNS FROM `pinpai` [ RunTime:0.0020s ]
SQL: SELECT COUNT(*) AS tp_count FROM `pinpai` LIMIT 1   [ RunTime:0.0000s ]
SQL: SHOW COLUMNS FROM `users` [ RunTime:0.0020s ]
SQL: SELECT COUNT(*) AS tp_count FROM `users` LIMIT 1   [ RunTime:0.0000s ]
SQL: SHOW COLUMNS FROM `active` [ RunTime:0.0029s ]
SQL: SELECT COUNT(*) AS tp_count FROM `active` LIMIT 1   [ RunTime:0.0000s ]
SQL: SELECT COUNT(*) AS tp_count FROM `article` LIMIT 1   [ RunTime:0.0000s ]
SQL: SELECT COUNT(*) AS tp_count FROM `category` LIMIT 1   [ RunTime:0.0000s ]
SQL: SELECT COUNT(*) AS tp_count FROM `comm` LIMIT 1   [ RunTime:0.0010s ]
SQL: SELECT COUNT(*) AS tp_count FROM `config` LIMIT 1   [ RunTime:0.0000s ]
SQL: SELECT COUNT(*) AS tp_count FROM `dingdan` LIMIT 1   [ RunTime:0.0000s ]
SQL: SELECT COUNT(*) AS tp_count FROM `log` LIMIT 1   [ RunTime:0.0000s ]
SQL: SELECT COUNT(*) AS tp_count FROM `managers` LIMIT 1   [ RunTime:0.0010s ]
SQL: SELECT COUNT(*) AS tp_count FROM `pic` LIMIT 1   [ RunTime:0.0000s ]
SQL: SELECT COUNT(*) AS tp_count FROM `pinpai` LIMIT 1   [ RunTime:0.0000s ]
SQL: SELECT COUNT(*) AS tp_count FROM `users` LIMIT 1   [ RunTime:0.0000s ]
SQL: SELECT COUNT(*) AS tp_count FROM `active` LIMIT 1   [ RunTime:0.0010s ]
SQL: SHOW COLUMNS FROM `managers` [ RunTime:0.0020s ]
SQL: SELECT * FROM `managers` WHERE ( uname='admin1' and upswd='21232f297a57a5a743894a0e4a801fc3' ) LIMIT 1   [ RunTime:0.0000s ]
NOTIC: [8] Array to string conversion D:\phpStudy\PHPTutorial\WWWPHP\admin\Common\Controller\PpublicController.class.php 第 137 行.
INFO: [ app_end ] --START--
INFO: Run Behavior\ShowPageTraceBehavior [ RunTime:0.000000s ]
INFO: [ app_end ] --END-- [ RunTime:0.000977s ]

[ 2017-11-06T08:53:19+08:00 ] ::1 /admin.php
INFO: [ app_init ] --START--
INFO: Run Behavior\BuildLiteBehavior [ RunTime:0.000000s ]
INFO: [ app_init ] --END-- [ RunTime:0.000000s ]
INFO: [ app_begin ] --START--
INFO: Run Behavior\ReadHtmlCacheBehavior [ RunTime:0.000977s ]
INFO: [ app_begin ] --END-- [ RunTime:0.000977s ]
SQL: SHOW COLUMNS FROM `config` [ RunTime:0.0039s ]
SQL: SELECT `cvalue` FROM `config` WHERE ( cname='sh1_page_listnum1' ) LIMIT 1   [ RunTime:0.0010s ]
SQL: SHOW COLUMNS FROM `article` [ RunTime:0.0020s ]
SQL: SELECT COUNT(*) AS tp_count FROM `article` LIMIT 1   [ RunTime:0.0000s ]
SQL: SHOW COLUMNS FROM `category` [ RunTime:0.0029s ]
SQL: SELECT COUNT(*) AS tp_count FROM `category` WHERE ( fid=0 ) LIMIT 1   [ RunTime:0.0000s ]
SQL: SHOW COLUMNS FROM `comm` [ RunTime:0.0029s ]
SQL: SELECT COUNT(*) AS tp_count FROM `comm` LIMIT 1   [ RunTime:0.0000s ]
SQL: SELECT COUNT(*) AS tp_count FROM `config` LIMIT 1   [ RunTime:0.0010s ]
SQL: SHOW COLUMNS FROM `dingdan` [ RunTime:0.0020s ]
SQL: SELECT COUNT(*) AS tp_count FROM `dingdan` LIMIT 1   [ RunTime:0.0010s ]
SQL: SHOW COLUMNS FROM `log` [ RunTime:0.0020s ]
SQL: SELECT COUNT(*) AS tp_count FROM `log` LIMIT 1   [ RunTime:0.0000s ]
SQL: SHOW COLUMNS FROM `managers` [ RunTime:0.0029s ]
SQL: SELECT COUNT(*) AS tp_count FROM `managers` LIMIT 1   [ RunTime:0.0010s ]
SQL: SHOW COLUMNS FROM `pic` [ RunTime:0.0020s ]
SQL: SELECT COUNT(*) AS tp_count FROM `pic` LIMIT 1   [ RunTime:0.0010s ]
SQL: SHOW COLUMNS FROM `pinpai` [ RunTime:0.0049s ]
SQL: SELECT COUNT(*) AS tp_count FROM `pinpai` LIMIT 1   [ RunTime:0.0000s ]
SQL: SHOW COLUMNS FROM `users` [ RunTime:0.0029s ]
SQL: SELECT COUNT(*) AS tp_count FROM `users` LIMIT 1   [ RunTime:0.0000s ]
SQL: SHOW COLUMNS FROM `active` [ RunTime:0.0020s ]
SQL: SELECT COUNT(*) AS tp_count FROM `active` LIMIT 1   [ RunTime:0.0010s ]
SQL: SELECT COUNT(*) AS tp_count FROM `article` LIMIT 1   [ RunTime:0.0000s ]
SQL: SELECT COUNT(*) AS tp_count FROM `category` LIMIT 1   [ RunTime:0.0000s ]
SQL: SELECT COUNT(*) AS tp_count FROM `comm` LIMIT 1   [ RunTime:0.0000s ]
SQL: SELECT COUNT(*) AS tp_count FROM `config` LIMIT 1   [ RunTime:0.0000s ]
SQL: SELECT COUNT(*) AS tp_count FROM `dingdan` LIMIT 1   [ RunTime:0.0000s ]
SQL: SELECT COUNT(*) AS tp_count FROM `log` LIMIT 1   [ RunTime:0.0000s ]
SQL: SELECT COUNT(*) AS tp_count FROM `managers` LIMIT 1   [ RunTime:0.0000s ]
SQL: SELECT COUNT(*) AS tp_count FROM `pic` LIMIT 1   [ RunTime:0.0000s ]
SQL: SELECT COUNT(*) AS tp_count FROM `pinpai` LIMIT 1   [ RunTime:0.0000s ]
SQL: SELECT COUNT(*) AS tp_count FROM `users` LIMIT 1   [ RunTime:0.0000s ]
SQL: SELECT COUNT(*) AS tp_count FROM `active` LIMIT 1   [ RunTime:0.0000s ]
INFO: [ view_parse ] --START--
INFO: [ template_filter ] --START--
INFO: Run Behavior\ContentReplaceBehavior [ RunTime:0.000000s ]
INFO: [ template_filter ] --END-- [ RunTime:0.000000s ]
INFO: Run Behavior\ParseTemplateBehavior [ RunTime:0.011719s ]
INFO: [ view_parse ] --END-- [ RunTime:0.011719s ]
INFO: [ view_filter ] --START--
INFO: Run Behavior\WriteHtmlCacheBehavior [ RunTime:0.000000s ]
INFO: [ view_filter ] --END-- [ RunTime:0.000000s ]
INFO: [ app_end ] --START--
INFO: Run Behavior\ShowPageTraceBehavior [ RunTime:0.000977s ]
INFO: [ app_end ] --END-- [ RunTime:0.000977s ]

[ 2017-11-06T08:53:30+08:00 ] ::1 /admin.php/home/pinpai
INFO: [ app_init ] --START--
INFO: Run Behavior\BuildLiteBehavior [ RunTime:0.000000s ]
INFO: [ app_init ] --END-- [ RunTime:0.000000s ]
INFO: [ app_begin ] --START--
INFO: Run Behavior\ReadHtmlCacheBehavior [ RunTime:0.000976s ]
INFO: [ app_begin ] --END-- [ RunTime:0.000976s ]
SQL: SHOW COLUMNS FROM `config` [ RunTime:0.0029s ]
SQL: SELECT `cvalue` FROM `config` WHERE ( cname='sh1_page_listnum1' ) LIMIT 1   [ RunTime:0.0000s ]
SQL: SHOW COLUMNS FROM `article` [ RunTime:0.0029s ]
SQL: SELECT COUNT(*) AS tp_count FROM `article` LIMIT 1   [ RunTime:0.0000s ]
SQL: SHOW COLUMNS FROM `category` [ RunTime:0.0029s ]
SQL: SELECT COUNT(*) AS tp_count FROM `category` WHERE ( fid=0 ) LIMIT 1   [ RunTime:0.0000s ]
SQL: SHOW COLUMNS FROM `comm` [ RunTime:0.0029s ]
SQL: SELECT COUNT(*) AS tp_count FROM `comm` LIMIT 1   [ RunTime:0.0000s ]
SQL: SELECT COUNT(*) AS tp_count FROM `config` LIMIT 1   [ RunTime:0.0010s ]
SQL: SHOW COLUMNS FROM `dingdan` [ RunTime:0.0020s ]
SQL: SELECT COUNT(*) AS tp_count FROM `dingdan` LIMIT 1   [ RunTime:0.0000s ]
SQL: SHOW COLUMNS FROM `log` [ RunTime:0.0020s ]
SQL: SELECT COUNT(*) AS tp_count FROM `log` LIMIT 1   [ RunTime:0.0000s ]
SQL: SHOW COLUMNS FROM `managers` [ RunTime:0.0020s ]
SQL: SELECT COUNT(*) AS tp_count FROM `managers` LIMIT 1   [ RunTime:0.0000s ]
SQL: SHOW COLUMNS FROM `pic` [ RunTime:0.0020s ]
SQL: SELECT COUNT(*) AS tp_count FROM `pic` LIMIT 1   [ RunTime:0.0000s ]
SQL: SHOW COLUMNS FROM `pinpai` [ RunTime:0.0020s ]
SQL: SELECT COUNT(*) AS tp_count FROM `pinpai` LIMIT 1   [ RunTime:0.0010s ]
SQL: SHOW COLUMNS FROM `users` [ RunTime:0.0020s ]
SQL: SELECT COUNT(*) AS tp_count FROM `users` LIMIT 1   [ RunTime:0.0010s ]
SQL: SHOW COLUMNS FROM `active` [ RunTime:0.0020s ]
SQL: SELECT COUNT(*) AS tp_count FROM `active` LIMIT 1   [ RunTime:0.0010s ]
SQL: SELECT COUNT(*) AS tp_count FROM `article` LIMIT 1   [ RunTime:0.0000s ]
SQL: SELECT COUNT(*) AS tp_count FROM `category` LIMIT 1   [ RunTime:0.0000s ]
SQL: SELECT COUNT(*) AS tp_count FROM `comm` LIMIT 1   [ RunTime:0.0000s ]
SQL: SELECT COUNT(*) AS tp_count FROM `config` LIMIT 1   [ RunTime:0.0010s ]
SQL: SELECT COUNT(*) AS tp_count FROM `dingdan` LIMIT 1   [ RunTime:0.0000s ]
SQL: SELECT COUNT(*) AS tp_count FROM `log` LIMIT 1   [ RunTime:0.0000s ]
SQL: SELECT COUNT(*) AS tp_count FROM `managers` LIMIT 1   [ RunTime:0.0000s ]
SQL: SELECT COUNT(*) AS tp_count FROM `pic` LIMIT 1   [ RunTime:0.0010s ]
SQL: SELECT COUNT(*) AS tp_count FROM `pinpai` LIMIT 1   [ RunTime:0.0000s ]
SQL: SELECT COUNT(*) AS tp_count FROM `users` LIMIT 1   [ RunTime:0.0000s ]
SQL: SELECT COUNT(*) AS tp_count FROM `active` LIMIT 1   [ RunTime:0.0000s ]
SQL: SELECT * FROM `category` WHERE ( fid=0 ) ORDER BY orderid  [ RunTime:0.0010s ]
SQL: SELECT * FROM `category` WHERE ( fid=10 ) ORDER BY orderid  [ RunTime:0.0000s ]
SQL: SELECT * FROM `category` WHERE ( fid=3 ) ORDER BY orderid  [ RunTime:0.0000s ]
SQL: SELECT * FROM `category` WHERE ( fid=7 ) ORDER BY orderid  [ RunTime:0.0000s ]
INFO: [ view_parse ] --START--
INFO: [ template_filter ] --START--
INFO: Run Behavior\ContentReplaceBehavior [ RunTime:0.000977s ]
INFO: [ template_filter ] --END-- [ RunTime:0.000977s ]
INFO: Run Behavior\ParseTemplateBehavior [ RunTime:0.015625s ]
INFO: [ view_parse ] --END-- [ RunTime:0.015625s ]
INFO: [ view_filter ] --START--
INFO: Run Behavior\WriteHtmlCacheBehavior [ RunTime:0.000000s ]
INFO: [ view_filter ] --END-- [ RunTime:0.000000s ]
INFO: [ app_end ] --START--
INFO: Run Behavior\ShowPageTraceBehavior [ RunTime:0.000976s ]
INFO: [ app_end ] --END-- [ RunTime:0.000976s ]

[ 2017-11-06T08:53:32+08:00 ] ::1 /admin.php/Home/Pinpai/list_pinpai
INFO: [ app_init ] --START--
INFO: Run Behavior\BuildLiteBehavior [ RunTime:0.000000s ]
INFO: [ app_init ] --END-- [ RunTime:0.000000s ]
INFO: [ app_begin ] --START--
INFO: Run Behavior\ReadHtmlCacheBehavior [ RunTime:0.000000s ]
INFO: [ app_begin ] --END-- [ RunTime:0.000000s ]
SQL: SHOW COLUMNS FROM `config` [ RunTime:0.0029s ]
SQL: SELECT `cvalue` FROM `config` WHERE ( cname='sh1_page_listnum1' ) LIMIT 1   [ RunTime:0.0010s ]
SQL: SHOW COLUMNS FROM `article` [ RunTime:0.0029s ]
SQL: SELECT COUNT(*) AS tp_count FROM `article` LIMIT 1   [ RunTime:0.0000s ]
SQL: SHOW COLUMNS FROM `category` [ RunTime:0.0029s ]
SQL: SELECT COUNT(*) AS tp_count FROM `category` WHERE ( fid=0 ) LIMIT 1   [ RunTime:0.0000s ]
SQL: SHOW COLUMNS FROM `comm` [ RunTime:0.0020s ]
SQL: SELECT COUNT(*) AS tp_count FROM `comm` LIMIT 1   [ RunTime:0.0000s ]
SQL: SELECT COUNT(*) AS tp_count FROM `config` LIMIT 1   [ RunTime:0.0000s ]
SQL: SHOW COLUMNS FROM `dingdan` [ RunTime:0.0029s ]
SQL: SELECT COUNT(*) AS tp_count FROM `dingdan` LIMIT 1   [ RunTime:0.0000s ]
SQL: SHOW COLUMNS FROM `log` [ RunTime:0.0029s ]
SQL: SELECT COUNT(*) AS tp_count FROM `log` LIMIT 1   [ RunTime:0.0010s ]
SQL: SHOW COLUMNS FROM `managers` [ RunTime:0.0029s ]
SQL: SELECT COUNT(*) AS tp_count FROM `managers` LIMIT 1   [ RunTime:0.0000s ]
SQL: SHOW COLUMNS FROM `pic` [ RunTime:0.0020s ]
SQL: SELECT COUNT(*) AS tp_count FROM `pic` LIMIT 1   [ RunTime:0.0000s ]
SQL: SHOW COLUMNS FROM `pinpai` [ RunTime:0.0020s ]
SQL: SELECT COUNT(*) AS tp_count FROM `pinpai` LIMIT 1   [ RunTime:0.0010s ]
SQL: SHOW COLUMNS FROM `users` [ RunTime:0.0029s ]
SQL: SELECT COUNT(*) AS tp_count FROM `users` LIMIT 1   [ RunTime:0.0000s ]
SQL: SHOW COLUMNS FROM `active` [ RunTime:0.0029s ]
SQL: SELECT COUNT(*) AS tp_count FROM `active` LIMIT 1   [ RunTime:0.0000s ]
SQL: SELECT COUNT(*) AS tp_count FROM `article` LIMIT 1   [ RunTime:0.0000s ]
SQL: SELECT COUNT(*) AS tp_count FROM `category` LIMIT 1   [ RunTime:0.0010s ]
SQL: SELECT COUNT(*) AS tp_count FROM `comm` LIMIT 1   [ RunTime:0.0000s ]
SQL: SELECT COUNT(*) AS tp_count FROM `config` LIMIT 1   [ RunTime:0.0000s ]
SQL: SELECT COUNT(*) AS tp_count FROM `dingdan` LIMIT 1   [ RunTime:0.0000s ]
SQL: SELECT COUNT(*) AS tp_count FROM `log` LIMIT 1   [ RunTime:0.0010s ]
SQL: SELECT COUNT(*) AS tp_count FROM `managers` LIMIT 1   [ RunTime:0.0000s ]
SQL: SELECT COUNT(*) AS tp_count FROM `pic` LIMIT 1   [ RunTime:0.0000s ]
SQL: SELECT COUNT(*) AS tp_count FROM `pinpai` LIMIT 1   [ RunTime:0.0000s ]
SQL: SELECT COUNT(*) AS tp_count FROM `users` LIMIT 1   [ RunTime:0.0010s ]
SQL: SELECT COUNT(*) AS tp_count FROM `active` LIMIT 1   [ RunTime:0.0000s ]
SQL: SELECT `cvalue` FROM `config` WHERE ( cname='sh1_page_listnum1' ) LIMIT 1   [ RunTime:0.0000s ]
SQL: SELECT * FROM `pinpai` LIMIT 0,10   [ RunTime:0.0068s ]

[ 2017-11-06T08:53:33+08:00 ] ::1 /admin.php/Home/Pinpai/get_path
INFO: [ app_init ] --START--
INFO: Run Behavior\BuildLiteBehavior [ RunTime:0.000000s ]
INFO: [ app_init ] --END-- [ RunTime:0.000977s ]
INFO: [ app_begin ] --START--
INFO: Run Behavior\ReadHtmlCacheBehavior [ RunTime:0.000976s ]
INFO: [ app_begin ] --END-- [ RunTime:0.000976s ]
SQL: SHOW COLUMNS FROM `config` [ RunTime:0.0039s ]
SQL: SELECT `cvalue` FROM `config` WHERE ( cname='sh1_page_listnum1' ) LIMIT 1   [ RunTime:0.0010s ]
SQL: SHOW COLUMNS FROM `article` [ RunTime:0.0029s ]
SQL: SELECT COUNT(*) AS tp_count FROM `article` LIMIT 1   [ RunTime:0.0010s ]
SQL: SHOW COLUMNS FROM `category` [ RunTime:0.0039s ]
SQL: SELECT COUNT(*) AS tp_count FROM `category` WHERE ( fid=0 ) LIMIT 1   [ RunTime:0.0010s ]
SQL: SHOW COLUMNS FROM `comm` [ RunTime:0.0029s ]
SQL: SELECT COUNT(*) AS tp_count FROM `comm` LIMIT 1   [ RunTime:0.0000s ]
SQL: SELECT COUNT(*) AS tp_count FROM `config` LIMIT 1   [ RunTime:0.0000s ]
SQL: SHOW COLUMNS FROM `dingdan` [ RunTime:0.0029s ]
SQL: SELECT COUNT(*) AS tp_count FROM `dingdan` LIMIT 1   [ RunTime:0.0010s ]
SQL: SHOW COLUMNS FROM `log` [ RunTime:0.0029s ]
SQL: SELECT COUNT(*) AS tp_count FROM `log` LIMIT 1   [ RunTime:0.0010s ]
SQL: SHOW COLUMNS FROM `managers` [ RunTime:0.0029s ]
SQL: SELECT COUNT(*) AS tp_count FROM `managers` LIMIT 1   [ RunTime:0.0000s ]
SQL: SHOW COLUMNS FROM `pic` [ RunTime:0.0029s ]
SQL: SELECT COUNT(*) AS tp_count FROM `pic` LIMIT 1   [ RunTime:0.0000s ]
SQL: SHOW COLUMNS FROM `pinpai` [ RunTime:0.0029s ]
SQL: SELECT COUNT(*) AS tp_count FROM `pinpai` LIMIT 1   [ RunTime:0.0000s ]
SQL: SHOW COLUMNS FROM `users` [ RunTime:0.0029s ]
SQL: SELECT COUNT(*) AS tp_count FROM `users` LIMIT 1   [ RunTime:0.0000s ]
SQL: SHOW COLUMNS FROM `active` [ RunTime:0.0049s ]
SQL: SELECT COUNT(*) AS tp_count FROM `active` LIMIT 1   [ RunTime:0.0000s ]
SQL: SELECT COUNT(*) AS tp_count FROM `article` LIMIT 1   [ RunTime:0.0000s ]
SQL: SELECT COUNT(*) AS tp_count FROM `category` LIMIT 1   [ RunTime:0.0010s ]
SQL: SELECT COUNT(*) AS tp_count FROM `comm` LIMIT 1   [ RunTime:0.0000s ]
SQL: SELECT COUNT(*) AS tp_count FROM `config` LIMIT 1   [ RunTime:0.0000s ]
SQL: SELECT COUNT(*) AS tp_count FROM `dingdan` LIMIT 1   [ RunTime:0.0000s ]
SQL: SELECT COUNT(*) AS tp_count FROM `log` LIMIT 1   [ RunTime:0.0000s ]
SQL: SELECT COUNT(*) AS tp_count FROM `managers` LIMIT 1   [ RunTime:0.0000s ]
SQL: SELECT COUNT(*) AS tp_count FROM `pic` LIMIT 1   [ RunTime:0.0000s ]
SQL: SELECT COUNT(*) AS tp_count FROM `pinpai` LIMIT 1   [ RunTime:0.0010s ]
SQL: SELECT COUNT(*) AS tp_count FROM `users` LIMIT 1   [ RunTime:0.0000s ]
SQL: SELECT COUNT(*) AS tp_count FROM `active` LIMIT 1   [ RunTime:0.0000s ]
SQL: SELECT * FROM `category` WHERE ( id=8 ) LIMIT 1   [ RunTime:0.0010s ]
SQL: SELECT `catetitle` FROM `category` WHERE ( id=3 ) LIMIT 1   [ RunTime:0.0000s ]
INFO: [ app_end ] --START--
INFO: Run Behavior\ShowPageTraceBehavior [ RunTime:0.000977s ]
INFO: [ app_end ] --END-- [ RunTime:0.000977s ]

[ 2017-11-06T08:53:34+08:00 ] ::1 /admin.php/Home/Pinpai/get_path
INFO: [ app_init ] --START--
INFO: Run Behavior\BuildLiteBehavior [ RunTime:0.000000s ]
INFO: [ app_init ] --END-- [ RunTime:0.000977s ]
INFO: [ app_begin ] --START--
INFO: Run Behavior\ReadHtmlCacheBehavior [ RunTime:0.000000s ]
INFO: [ app_begin ] --END-- [ RunTime:0.000000s ]
SQL: SHOW COLUMNS FROM `config` [ RunTime:0.0029s ]
SQL: SELECT `cvalue` FROM `config` WHERE ( cname='sh1_page_listnum1' ) LIMIT 1   [ RunTime:0.0010s ]
SQL: SHOW COLUMNS FROM `article` [ RunTime:0.0020s ]
SQL: SELECT COUNT(*) AS tp_count FROM `article` LIMIT 1   [ RunTime:0.0000s ]
SQL: SHOW COLUMNS FROM `category` [ RunTime:0.0020s ]
SQL: SELECT COUNT(*) AS tp_count FROM `category` WHERE ( fid=0 ) LIMIT 1   [ RunTime:0.0010s ]
SQL: SHOW COLUMNS FROM `comm` [ RunTime:0.0020s ]
SQL: SELECT COUNT(*) AS tp_count FROM `comm` LIMIT 1   [ RunTime:0.0000s ]
SQL: SELECT COUNT(*) AS tp_count FROM `config` LIMIT 1   [ RunTime:0.0000s ]
SQL: SHOW COLUMNS FROM `dingdan` [ RunTime:0.0029s ]
SQL: SELECT COUNT(*) AS tp_count FROM `dingdan` LIMIT 1   [ RunTime:0.0000s ]
SQL: SHOW COLUMNS FROM `log` [ RunTime:0.0029s ]
SQL: SELECT COUNT(*) AS tp_count FROM `log` LIMIT 1   [ RunTime:0.0000s ]
SQL: SHOW COLUMNS FROM `managers` [ RunTime:0.0029s ]
SQL: SELECT COUNT(*) AS tp_count FROM `managers` LIMIT 1   [ RunTime:0.0000s ]
SQL: SHOW COLUMNS FROM `pic` [ RunTime:0.0029s ]
SQL: SELECT COUNT(*) AS tp_count FROM `pic` LIMIT 1   [ RunTime:0.0000s ]
SQL: SHOW COLUMNS FROM `pinpai` [ RunTime:0.0029s ]
SQL: SELECT COUNT(*) AS tp_count FROM `pinpai` LIMIT 1   [ RunTime:0.0000s ]
SQL: SHOW COLUMNS FROM `users` [ RunTime:0.0029s ]
SQL: SELECT COUNT(*) AS tp_count FROM `users` LIMIT 1   [ RunTime:0.0000s ]
SQL: SHOW COLUMNS FROM `active` [ RunTime:0.0029s ]
SQL: SELECT COUNT(*) AS tp_count FROM `active` LIMIT 1   [ RunTime:0.0010s ]
SQL: SELECT COUNT(*) AS tp_count FROM `article` LIMIT 1   [ RunTime:0.0000s ]
SQL: SELECT COUNT(*) AS tp_count FROM `category` LIMIT 1   [ RunTime:0.0000s ]
SQL: SELECT COUNT(*) AS tp_count FROM `comm` LIMIT 1   [ RunTime:0.0010s ]
SQL: SELECT COUNT(*) AS tp_count FROM `config` LIMIT 1   [ RunTime:0.0000s ]
SQL: SELECT COUNT(*) AS tp_count FROM `dingdan` LIMIT 1   [ RunTime:0.0000s ]
SQL: SELECT COUNT(*) AS tp_count FROM `log` LIMIT 1   [ RunTime:0.0000s ]
SQL: SELECT COUNT(*) AS tp_count FROM `managers` LIMIT 1   [ RunTime:0.0000s ]
SQL: SELECT COUNT(*) AS tp_count FROM `pic` LIMIT 1   [ RunTime:0.0000s ]
SQL: SELECT COUNT(*) AS tp_count FROM `pinpai` LIMIT 1   [ RunTime:0.0000s ]
SQL: SELECT COUNT(*) AS tp_count FROM `users` LIMIT 1   [ RunTime:0.0000s ]
SQL: SELECT COUNT(*) AS tp_count FROM `active` LIMIT 1   [ RunTime:0.0000s ]
SQL: SELECT * FROM `category` WHERE ( id=8 ) LIMIT 1   [ RunTime:0.0000s ]
SQL: SELECT `catetitle` FROM `category` WHERE ( id=3 ) LIMIT 1   [ RunTime:0.0000s ]
INFO: [ app_end ] --START--
INFO: Run Behavior\ShowPageTraceBehavior [ RunTime:0.000976s ]
INFO: [ app_end ] --END-- [ RunTime:0.000976s ]

